<?xml version="1.0" encoding="UTF-8"?>
<coverage generated="1576533879918" clover="3.2.0">
  <project timestamp="1576533879918" name="All files">
    <metrics statements="7" coveredstatements="7" conditionals="0" coveredconditionals="0" methods="0" coveredmethods="0" elements="7" coveredelements="7" complexity="0" loc="7" ncloc="7" packages="1" files="2" classes="2"/>
    <file name="Itinerary.js" path="/Users/LifetimeOpt/alchemy/career-track/lab-11/lib/models/Itinerary.js">
      <metrics statements="3" coveredstatements="3" conditionals="0" coveredconditionals="0" methods="0" coveredmethods="0"/>
      <line num="1" count="1" type="stmt"/>
      <line num="3" count="1" type="stmt"/>
      <line num="19" count="1" type="stmt"/>
    </file>
    <file name="Trips.js" path="/Users/LifetimeOpt/alchemy/career-track/lab-11/lib/models/Trips.js">
      <metrics statements="4" coveredstatements="4" conditionals="0" coveredconditionals="0" methods="0" coveredmethods="0"/>
      <line num="1" count="1" type="stmt"/>
      <line num="3" count="1" type="stmt"/>
      <line num="19" count="1" type="stmt"/>
      <line num="28" count="1" type="stmt"/>
    </file>
  </project>
</coverage>
