{"/Users/LifetimeOpt/alchemy/career-track/lab-11/lib/models/Itinerary.js": {"path":"/Users/LifetimeOpt/alchemy/career-track/lab-11/lib/models/Itinerary.js","statementMap":{"0":{"start":{"line":1,"column":17},"end":{"line":1,"column":36}},"1":{"start":{"line":3,"column":15},"end":{"line":17,"column":2}},"2":{"start":{"line":19,"column":0},"end":{"line":19,"column":53}}},"fnMap":{},"branchMap":{},"s":{"0":1,"1":1,"2":1},"f":{},"b":{},"_coverageSchema":"43e27e138ebf9cfc5966b082cf9a028302ed4184","hash":"99620df58fcbafaa5a0dc09e481661be164aecf9"}
,"/Users/LifetimeOpt/alchemy/career-track/lab-11/lib/models/Trips.js": {"path":"/Users/LifetimeOpt/alchemy/career-track/lab-11/lib/models/Trips.js","statementMap":{"0":{"start":{"line":1,"column":17},"end":{"line":1,"column":36}},"1":{"start":{"line":3,"column":15},"end":{"line":17,"column":2}},"2":{"start":{"line":19,"column":0},"end":{"line":19,"column":48}}},"fnMap":{},"branchMap":{},"s":{"0":1,"1":1,"2":1},"f":{},"b":{},"_coverageSchema":"43e27e138ebf9cfc5966b082cf9a028302ed4184","hash":"daa58b0e7bcb22b1de3c2b5ff7ad09c938e306ce"}
}
