TN:
SF:/Users/LifetimeOpt/alchemy/career-track/lab-11/lib/app.js
FNF:0
FNH:0
DA:1,2
DA:2,2
DA:4,2
DA:6,2
DA:7,2
DA:9,2
DA:10,2
DA:12,2
LF:8
LH:8
BRF:0
BRH:0
end_of_record
TN:
SF:/Users/LifetimeOpt/alchemy/career-track/lab-11/lib/middleware/error.js
FN:4,(anonymous_0)
FNF:1
FNH:0
FNDA:0,(anonymous_0)
DA:1,2
DA:4,2
DA:5,0
DA:7,0
DA:9,0
DA:12,0
DA:14,0
DA:16,0
LF:8
LH:2
BRDA:5,0,0,0
BRDA:5,0,1,0
BRDA:7,1,0,0
BRDA:7,1,1,0
BRDA:7,2,0,0
BRDA:7,2,1,0
BRF:6
BRH:0
end_of_record
TN:
SF:/Users/LifetimeOpt/alchemy/career-track/lab-11/lib/middleware/not-found.js
FN:1,(anonymous_0)
FNF:1
FNH:0
FNDA:0,(anonymous_0)
DA:1,2
DA:2,0
DA:3,0
DA:4,0
LF:4
LH:1
BRF:0
BRH:0
end_of_record
TN:
SF:/Users/LifetimeOpt/alchemy/career-track/lab-11/lib/middleware/woeId.js
FN:3,(anonymous_0)
FNF:1
FNH:0
FNDA:0,(anonymous_0)
DA:1,2
DA:3,2
DA:4,0
DA:5,0
DA:6,0
LF:5
LH:2
BRF:0
BRH:0
end_of_record
TN:
SF:/Users/LifetimeOpt/alchemy/career-track/lab-11/lib/models/Itinerary.js
FN:31,(anonymous_0)
FN:34,(anonymous_1)
FN:37,(anonymous_2)
FNF:3
FNH:0
FNDA:0,(anonymous_0)
FNDA:0,(anonymous_1)
FNDA:0,(anonymous_2)
DA:1,3
DA:2,3
DA:4,3
DA:31,3
DA:32,0
DA:35,0
DA:38,0
DA:46,3
LF:8
LH:5
BRF:0
BRH:0
end_of_record
TN:
SF:/Users/LifetimeOpt/alchemy/career-track/lab-11/lib/models/Trips.js
FNF:0
FNH:0
DA:1,3
DA:3,3
DA:25,3
DA:35,3
LF:4
LH:4
BRF:0
BRH:0
end_of_record
TN:
SF:/Users/LifetimeOpt/alchemy/career-track/lab-11/lib/routes/itinerary.js
FN:8,(anonymous_0)
FN:11,(anonymous_1)
FN:14,(anonymous_2)
FN:18,(anonymous_3)
FN:21,(anonymous_4)
FN:25,(anonymous_5)
FN:28,(anonymous_6)
FN:31,(anonymous_7)
FN:34,(anonymous_8)
FN:37,(anonymous_9)
FNF:10
FNH:10
FNDA:1,(anonymous_0)
FNDA:1,(anonymous_1)
FNDA:1,(anonymous_2)
FNDA:1,(anonymous_3)
FNDA:1,(anonymous_4)
FNDA:1,(anonymous_5)
FNDA:1,(anonymous_6)
FNDA:1,(anonymous_7)
FNDA:1,(anonymous_8)
FNDA:1,(anonymous_9)
DA:1,2
DA:2,2
DA:3,2
DA:4,2
DA:6,2
DA:8,2
DA:9,1
DA:11,1
DA:14,2
DA:15,1
DA:18,1
DA:21,2
DA:22,1
DA:25,1
DA:28,2
DA:29,1
DA:31,1
DA:34,2
DA:35,1
DA:37,1
DA:39,2
LF:21
LH:21
BRF:0
BRH:0
end_of_record
TN:
SF:/Users/LifetimeOpt/alchemy/career-track/lab-11/lib/routes/trips.js
FN:8,(anonymous_0)
FN:11,(anonymous_1)
FN:14,(anonymous_2)
FN:17,(anonymous_3)
FN:20,(anonymous_4)
FN:25,(anonymous_5)
FN:28,(anonymous_6)
FN:31,(anonymous_7)
FN:34,(anonymous_8)
FN:37,(anonymous_9)
FNF:10
FNH:10
FNDA:1,(anonymous_0)
FNDA:1,(anonymous_1)
FNDA:1,(anonymous_2)
FNDA:1,(anonymous_3)
FNDA:1,(anonymous_4)
FNDA:1,(anonymous_5)
FNDA:1,(anonymous_6)
FNDA:1,(anonymous_7)
FNDA:1,(anonymous_8)
FNDA:1,(anonymous_9)
DA:1,2
DA:2,2
DA:3,2
DA:4,2
DA:6,2
DA:8,2
DA:9,1
DA:11,1
DA:14,2
DA:15,1
DA:17,1
DA:20,2
DA:22,1
DA:25,1
DA:28,2
DA:29,1
DA:31,1
DA:34,2
DA:35,1
DA:37,1
DA:39,2
LF:21
LH:21
BRF:0
BRH:0
end_of_record
TN:
SF:/Users/LifetimeOpt/alchemy/career-track/lab-11/lib/services/getwoeId.js
FN:3,(anonymous_0)
FN:6,(anonymous_1)
FNF:2
FNH:0
FNDA:0,(anonymous_0)
FNDA:0,(anonymous_1)
DA:1,2
DA:3,2
DA:4,0
DA:7,0
DA:8,0
DA:12,2
LF:6
LH:3
BRF:0
BRH:0
end_of_record
TN:
SF:/Users/LifetimeOpt/alchemy/career-track/lab-11/lib/services/weather.js
FN:3,(anonymous_0)
FN:6,(anonymous_1)
FNF:2
FNH:0
FNDA:0,(anonymous_0)
FNDA:0,(anonymous_1)
DA:1,3
DA:3,3
DA:4,0
DA:7,0
DA:9,0
DA:13,3
LF:6
LH:3
BRF:0
BRH:0
end_of_record
TN:
SF:/Users/LifetimeOpt/alchemy/career-track/lab-11/lib/utils/connect.js
FN:4,(anonymous_0)
FN:11,(anonymous_1)
FN:17,(anonymous_2)
FN:21,(anonymous_3)
FNF:4
FNH:3
FNDA:2,(anonymous_0)
FNDA:2,(anonymous_1)
FNDA:2,(anonymous_2)
FNDA:0,(anonymous_3)
DA:1,2
DA:2,2
DA:4,2
DA:5,2
DA:11,2
DA:12,2
DA:13,2
DA:14,2
DA:17,2
DA:18,2
DA:21,2
DA:22,0
LF:12
LH:11
BRDA:4,0,0,2
BRF:1
BRH:1
end_of_record
